Running: python3 iguide/export_room_data.py --job data/job-smoke-001
✅ Room data exported to: /Users/daviddunn/Library/Mobile Documents/com~apple~CloudDocs/claim-ai/out/--job_room_data.csv
Running: python3 estimate/generate_room_estimates.py --job data/job-smoke-001
✅ Loaded 3 rooms from --job_room_data.csv
✅ Generated estimate using room data → /Users/daviddunn/Library/Mobile Documents/com~apple~CloudDocs/claim-ai/out/estimate_xact.csv
Running: python3 estimate/add_justifications.py --job data/job-smoke-001
✅ Justified estimate saved to: out/estimate_xact_with_notes.csv
📦 Rows: 9
Running: python3 estimate/merge_room_and_estimate.py --job data/job-smoke-001
❌ Missing room data file: out/job-0001_room_data.csv
Running: python3 estimate/apply_policy_rules.py --job data/job-smoke-001
🔊 apply_policy_rules.py: starting…
❌ Missing merged estimate: out/estimate_xact_merged.csv
Traceback (most recent call last):
  File "/Users/daviddunn/Library/Mobile Documents/com~apple~CloudDocs/claim-ai/run_pipeline.py", line 17, in <module>
    run_step("estimate/apply_policy_rules.py")
    ~~~~~~~~^^^^^^^^^^^^^^^^^^^^^^^^^^^^^^^^^^
  File "/Users/daviddunn/Library/Mobile Documents/com~apple~CloudDocs/claim-ai/run_pipeline.py", line 11, in run_step
    subprocess.run(cmd, check=True)
    ~~~~~~~~~~~~~~^^^^^^^^^^^^^^^^^
  File "/Library/Frameworks/Python.framework/Versions/3.13/lib/python3.13/subprocess.py", line 577, in run
    raise CalledProcessError(retcode, process.args,
                             output=stdout, stderr=stderr)
subprocess.CalledProcessError: Command '['python3', 'estimate/apply_policy_rules.py', '--job', 'data/job-smoke-001']' returned non-zero exit status 1.
